npm verbose cli C:\Program Files\nodejs\node.exe C:\Program Files\nodejs\node_modules\npm\bin\npm-cli.js
npm info using npm@10.8.2
npm info using node@v20.18.2
npm verbose title npm install
npm verbose argv "install" "--legacy-peer-deps" "--loglevel" "verbose"
npm verbose logfile logs-max:10 dir:C:\Users\Ana\AppData\Local\npm-cache\_logs\2025-10-29T01_48_55_604Z-
npm verbose logfile C:\Users\Ana\AppData\Local\npm-cache\_logs\2025-10-29T01_48_55_604Z-debug-0.log
npm http fetch GET 200 https://registry.npmjs.org/@faker-js%2ffaker 245ms (cache updated)
npm http fetch GET 200 https://registry.npmjs.org/cypress-mochawesome-reporter 90ms (cache revalidated)
npm http fetch GET 200 https://registry.npmjs.org/browserstack-cypress-cli 730ms (cache revalidated)
npm http fetch GET 200 https://registry.npmjs.org/cypress 88ms (cache revalidated)
npm http fetch GET 200 https://registry.npmjs.org/async 89ms (cache revalidated)
npm http fetch GET 200 https://registry.npmjs.org/archiver 102ms (cache revalidated)
npm http fetch GET 200 https://registry.npmjs.org/browserstack-local 121ms (cache revalidated)
npm http fetch GET 200 https://registry.npmjs.org/axios 127ms (cache revalidated)
npm http fetch GET 200 https://registry.npmjs.org/cli-progress 135ms (cache revalidated)
npm http fetch GET 200 https://registry.npmjs.org/git-repo-info 138ms (cache revalidated)
npm http fetch GET 200 https://registry.npmjs.org/form-data 141ms (cache revalidated)
npm http fetch GET 200 https://registry.npmjs.org/fs-extra 144ms (cache revalidated)
npm http fetch GET 200 https://registry.npmjs.org/chalk 152ms (cache revalidated)
npm http fetch GET 200 https://registry.npmjs.org/decompress 154ms (cache revalidated)
npm http fetch GET 200 https://registry.npmjs.org/mkdirp 58ms (cache revalidated)
npm http fetch GET 200 https://registry.npmjs.org/glob 73ms (cache revalidated)
npm http fetch GET 200 https://registry.npmjs.org/mocha 69ms (cache revalidated)
npm http fetch GET 200 https://registry.npmjs.org/tsc-alias 95ms (cache revalidated)
npm http fetch GET 200 https://registry.npmjs.org/node-ipc 109ms (cache revalidated)
npm http fetch GET 200 https://registry.npmjs.org/uuid 91ms (cache revalidated)
npm http fetch GET 200 https://registry.npmjs.org/windows-release 93ms (cache revalidated)
npm http fetch GET 200 https://registry.npmjs.org/table 113ms (cache revalidated)
npm http fetch GET 200 https://registry.npmjs.org/update-notifier 105ms (cache revalidated)
npm http fetch GET 200 https://registry.npmjs.org/yargs 93ms (cache revalidated)
npm http fetch GET 200 https://registry.npmjs.org/tmp 91ms (cache revalidated)
npm http fetch GET 200 https://registry.npmjs.org/dayjs 77ms (cache revalidated)
npm http fetch GET 200 https://registry.npmjs.org/yauzl 69ms (cache revalidated)
npm http fetch GET 200 https://registry.npmjs.org/arch 92ms (cache revalidated)
npm http fetch GET 200 https://registry.npmjs.org/buffer 69ms (cache revalidated)
npm http fetch GET 200 https://registry.npmjs.org/debug 105ms (cache revalidated)
npm http fetch GET 200 https://registry.npmjs.org/execa 111ms (cache revalidated)
npm http fetch GET 200 https://registry.npmjs.org/listr2 55ms (cache revalidated)
npm http fetch GET 200 https://registry.npmjs.org/semver 52ms (cache revalidated)
npm http fetch GET 200 https://registry.npmjs.org/ospath 59ms (cache revalidated)
npm http fetch GET 200 https://registry.npmjs.org/lodash 65ms (cache revalidated)
npm http fetch GET 200 https://registry.npmjs.org/ci-info 59ms (cache revalidated)
npm http fetch GET 200 https://registry.npmjs.org/process 53ms (cache revalidated)
npm http fetch GET 200 https://registry.npmjs.org/figures 86ms (cache revalidated)
npm http fetch GET 200 https://registry.npmjs.org/lazy-ass 50ms (cache revalidated)
npm http fetch GET 200 https://registry.npmjs.org/bluebird 68ms (cache revalidated)
npm http fetch GET 200 https://registry.npmjs.org/cachedir 67ms (cache revalidated)
npm http fetch GET 200 https://registry.npmjs.org/enquirer 67ms (cache revalidated)
npm http fetch GET 200 https://registry.npmjs.org/minimist 62ms (cache revalidated)
npm http fetch GET 200 https://registry.npmjs.org/blob-util 57ms (cache revalidated)
npm http fetch GET 200 https://registry.npmjs.org/tree-kill 54ms (cache revalidated)
npm http fetch GET 200 https://registry.npmjs.org/cli-table3 45ms (cache revalidated)
npm http fetch GET 200 https://registry.npmjs.org/cli-cursor 54ms (cache revalidated)
npm http fetch GET 200 https://registry.npmjs.org/untildify 60ms (cache revalidated)
npm http fetch GET 200 https://registry.npmjs.org/executable 49ms (cache revalidated)
npm http fetch GET 200 https://registry.npmjs.org/common-tags 41ms (cache revalidated)
npm http fetch GET 200 https://registry.npmjs.org/extract-zip 41ms (cache revalidated)
npm http fetch GET 200 https://registry.npmjs.org/pretty-bytes 57ms (cache revalidated)
npm http fetch GET 200 https://registry.npmjs.org/eventemitter2 54ms (cache revalidated)
npm http fetch GET 200 https://registry.npmjs.org/log-symbols 73ms (cache revalidated)
npm http fetch GET 200 https://registry.npmjs.org/@types%2fsizzle 71ms (cache revalidated)
npm http fetch GET 200 https://registry.npmjs.org/proxy-from-env 48ms (cache revalidated)
npm http fetch GET 200 https://registry.npmjs.org/@cypress%2fxvfb 88ms (cache revalidated)
npm http fetch GET 200 https://registry.npmjs.org/supports-color 36ms (cache revalidated)
npm http fetch GET 200 https://registry.npmjs.org/is-installed-globally 41ms (cache revalidated)
npm http fetch GET 200 https://registry.npmjs.org/commander 50ms (cache revalidated)
npm http fetch GET 200 https://registry.npmjs.org/@types%2fsinonjs__fake-timers 62ms (cache revalidated)
npm http fetch GET 200 https://registry.npmjs.org/commander 265ms (cache revalidated)
npm http fetch GET 200 https://registry.npmjs.org/axios-retry 724ms (cache revalidated)
npm http fetch GET 200 https://registry.npmjs.org/mochawesome-merge 91ms (cache revalidated)
npm http fetch GET 200 https://registry.npmjs.org/detect-port 756ms (cache revalidated)
npm http fetch GET 200 https://registry.npmjs.org/getmac 804ms (cache revalidated)
npm http fetch GET 200 https://registry.npmjs.org/gitconfiglocal 819ms (cache revalidated)
npm http fetch GET 200 https://registry.npmjs.org/git-last-commit 821ms (cache revalidated)
npm http fetch GET 200 https://registry.npmjs.org/mochawesome 210ms (cache revalidated)
npm http fetch GET 200 https://registry.npmjs.org/unzipper 710ms (cache revalidated)
npm http fetch GET 200 https://registry.npmjs.org/winston 696ms (cache revalidated)
npm http fetch GET 200 https://registry.npmjs.org/getos 716ms (cache revalidated)
npm http fetch GET 200 https://registry.npmjs.org/check-more-types 658ms (cache revalidated)
npm http fetch GET 200 https://registry.npmjs.org/request-progress 665ms (cache revalidated)
npm http fetch GET 200 https://registry.npmjs.org/mochawesome-report-generator 694ms (cache revalidated)
npm http fetch GET 200 https://registry.npmjs.org/@cypress%2frequest 1050ms (cache revalidated)
npm http fetch GET 200 https://registry.npmjs.org/buffer-crc32 52ms (cache revalidated)
npm http fetch GET 200 https://registry.npmjs.org/readdir-glob 59ms (cache revalidated)
npm http fetch GET 200 https://registry.npmjs.org/tar-stream 67ms (cache revalidated)
npm http fetch GET 200 https://registry.npmjs.org/zip-stream 72ms (cache revalidated)
npm http fetch GET 200 https://registry.npmjs.org/is-retry-allowed 72ms (cache revalidated)
npm http fetch GET 200 https://registry.npmjs.org/readable-stream 78ms (cache revalidated)
npm http fetch GET 200 https://registry.npmjs.org/follow-redirects 81ms (cache revalidated)
npm http fetch GET 200 https://registry.npmjs.org/archiver-utils 93ms (cache revalidated)
npm http fetch GET 200 https://registry.npmjs.org/agent-base 89ms (cache revalidated)
npm http fetch GET 200 https://registry.npmjs.org/ansi-styles 89ms (cache revalidated)
npm http fetch GET 200 https://registry.npmjs.org/ps-tree 95ms (cache revalidated)
npm http fetch GET 200 https://registry.npmjs.org/https-proxy-agent 96ms (cache revalidated)
npm http fetch GET 200 https://registry.npmjs.org/string-width 53ms (cache revalidated)
npm http fetch GET 200 https://registry.npmjs.org/@babel%2fruntime 118ms (cache revalidated)
npm http fetch GET 200 https://registry.npmjs.org/decompress-tarbz2 70ms (cache revalidated)
npm http fetch GET 200 https://registry.npmjs.org/decompress-tar 82ms (cache revalidated)
npm http fetch GET 200 https://registry.npmjs.org/decompress-targz 73ms (cache revalidated)
npm http fetch GET 200 https://registry.npmjs.org/hasown 53ms (cache revalidated)
npm http fetch GET 200 https://registry.npmjs.org/strip-dirs 59ms (cache revalidated)
npm http fetch GET 200 https://registry.npmjs.org/graceful-fs 76ms (cache revalidated)
npm http fetch GET 200 https://registry.npmjs.org/make-dir 77ms (cache revalidated)
npm http fetch GET 200 https://registry.npmjs.org/decompress-unzip 91ms (cache revalidated)
npm http fetch GET 200 https://registry.npmjs.org/pify 76ms (cache revalidated)
npm http fetch GET 200 https://registry.npmjs.org/address 74ms (cache revalidated)
npm http fetch GET 200 https://registry.npmjs.org/asynckit 72ms (cache revalidated)
npm http fetch GET 200 https://registry.npmjs.org/combined-stream 52ms (cache revalidated)
npm http fetch GET 200 https://registry.npmjs.org/jsonfile 53ms (cache revalidated)
npm http fetch GET 200 https://registry.npmjs.org/mime-types 90ms (cache revalidated)
npm http fetch GET 200 https://registry.npmjs.org/es-set-tostringtag 61ms (cache revalidated)
npm http fetch GET 200 https://registry.npmjs.org/ini 52ms (cache revalidated)
npm http fetch GET 200 https://registry.npmjs.org/universalify 63ms (cache revalidated)
npm http fetch GET 200 https://registry.npmjs.org/inflight 51ms (cache revalidated)
npm http fetch GET 200 https://registry.npmjs.org/inherits 52ms (cache revalidated)
npm http fetch GET 200 https://registry.npmjs.org/minimatch 53ms (cache revalidated)
npm http fetch GET 200 https://registry.npmjs.org/once 67ms (cache revalidated)
npm http fetch GET 200 https://registry.npmjs.org/graceful-fs 89ms (cache revalidated)
npm http fetch GET 200 https://registry.npmjs.org/he 45ms (cache revalidated)
npm http fetch GET 200 https://registry.npmjs.org/path-is-absolute 57ms (cache revalidated)
npm http fetch GET 200 https://registry.npmjs.org/fs.realpath 71ms (cache revalidated)
npm http fetch GET 200 https://registry.npmjs.org/@types%2fnode 105ms (cache revalidated)
npm http fetch GET 200 https://registry.npmjs.org/find-up 151ms (cache revalidated)
npm http fetch GET 200 https://registry.npmjs.org/diff 165ms (cache revalidated)
npm http fetch GET 200 https://registry.npmjs.org/ms 171ms (cache revalidated)
npm http fetch GET 200 https://registry.npmjs.org/ansi-colors 141ms (cache revalidated)
npm http fetch GET 200 https://registry.npmjs.org/chokidar 155ms (cache revalidated)
npm http fetch GET 200 https://registry.npmjs.org/minimatch 156ms (cache revalidated)
npm http fetch GET 200 https://registry.npmjs.org/workerpool 152ms (cache revalidated)
npm http fetch GET 200 https://registry.npmjs.org/js-yaml 167ms (cache revalidated)
npm http fetch GET 200 https://registry.npmjs.org/yargs-parser 185ms (cache revalidated)
npm http fetch GET 200 https://registry.npmjs.org/browser-stdout 189ms (cache revalidated)
npm http fetch GET 200 https://registry.npmjs.org/escape-string-regexp 88ms (cache revalidated)
npm http fetch GET 200 https://registry.npmjs.org/yargs-unparser 188ms (cache revalidated)
npm http fetch GET 200 https://registry.npmjs.org/get-tsconfig 55ms (cache revalidated)
npm http fetch GET 200 https://registry.npmjs.org/js-queue 75ms (cache revalidated)
npm http fetch GET 200 https://registry.npmjs.org/event-pubsub 74ms (cache revalidated)
npm http fetch GET 200 https://registry.npmjs.org/ajv 73ms (cache revalidated)
npm http fetch GET 200 https://registry.npmjs.org/serialize-javascript 96ms (cache revalidated)
npm http fetch GET 200 https://registry.npmjs.org/globby 79ms (cache revalidated)
npm http fetch GET 200 https://registry.npmjs.org/slice-ansi 91ms (cache revalidated)
npm http fetch GET 200 https://registry.npmjs.org/js-message 102ms (cache revalidated)
npm http fetch GET 200 https://registry.npmjs.org/strip-json-comments 226ms (cache revalidated)
npm http fetch GET 200 https://registry.npmjs.org/normalize-path 70ms (cache revalidated)
npm http fetch GET 200 https://registry.npmjs.org/plimit-lit 75ms (cache revalidated)
npm http fetch GET 200 https://registry.npmjs.org/is-in-ci 52ms (cache revalidated)
npm http fetch GET 200 https://registry.npmjs.org/pupa 73ms (cache revalidated)
npm http fetch GET 200 https://registry.npmjs.org/boxen 72ms (cache revalidated)
npm http fetch GET 200 https://registry.npmjs.org/node-int64 84ms (cache revalidated)
npm http fetch GET 200 https://registry.npmjs.org/mylas 100ms (cache revalidated)
npm http fetch GET 200 https://registry.npmjs.org/semver-diff 54ms (cache revalidated)
npm http fetch GET 200 https://registry.npmjs.org/duplexer2 98ms (cache revalidated)
npm http fetch GET 200 https://registry.npmjs.org/xdg-basedir 62ms (cache revalidated)
npm http fetch GET 200 https://registry.npmjs.org/configstore 73ms (cache revalidated)
npm http fetch GET 200 https://registry.npmjs.org/is-npm 84ms (cache revalidated)
npm http fetch GET 200 https://registry.npmjs.org/import-lazy 76ms (cache revalidated)
npm http fetch GET 200 https://registry.npmjs.org/latest-version 48ms (cache revalidated)
npm http fetch GET 200 https://registry.npmjs.org/eyes 52ms (cache revalidated)
npm http fetch GET 200 https://registry.npmjs.org/cycle 59ms (cache revalidated)
npm http fetch GET 200 https://registry.npmjs.org/cliui 56ms (cache revalidated)
npm http fetch GET 200 https://registry.npmjs.org/isstream 67ms (cache revalidated)
npm http fetch GET 200 https://registry.npmjs.org/colors 71ms (cache revalidated)
npm http fetch GET 200 https://registry.npmjs.org/require-main-filename 40ms (cache revalidated)
npm http fetch GET 200 https://registry.npmjs.org/stack-trace 68ms (cache revalidated)
npm http fetch GET 200 https://registry.npmjs.org/decamelize 59ms (cache revalidated)
npm http fetch GET 200 https://registry.npmjs.org/get-caller-file 52ms (cache revalidated)
npm http fetch GET 200 https://registry.npmjs.org/require-directory 49ms (cache revalidated)
npm http fetch GET 200 https://registry.npmjs.org/y18n 74ms (cache revalidated)
npm http fetch GET 200 https://registry.npmjs.org/set-blocking 65ms (cache revalidated)
npm http fetch GET 200 https://registry.npmjs.org/which-module 74ms (cache revalidated)
npm http fetch GET 200 https://registry.npmjs.org/is-running 709ms (cache revalidated)
npm http fetch GET 200 https://registry.npmjs.org/temp-fs 750ms (cache revalidated)
npm http fetch GET 200 https://registry.npmjs.org/lazystream 57ms (cache revalidated)
npm http fetch GET 200 https://registry.npmjs.org/bl 54ms (cache revalidated)
npm http fetch GET 200 https://registry.npmjs.org/lodash.isplainobject 60ms (cache revalidated)
npm http fetch GET 200 https://registry.npmjs.org/string_decoder 60ms (cache revalidated)
npm http fetch GET 200 https://registry.npmjs.org/lodash.defaults 68ms (cache revalidated)
npm http fetch GET 200 https://registry.npmjs.org/lodash.difference 68ms (cache revalidated)
npm http fetch GET 200 https://registry.npmjs.org/fs-constants 67ms (cache revalidated)
npm http fetch GET 200 https://registry.npmjs.org/compress-commons 66ms (cache revalidated)
npm http fetch GET 200 https://registry.npmjs.org/lodash.flatten 77ms (cache revalidated)
npm http fetch GET 200 https://registry.npmjs.org/end-of-stream 70ms (cache revalidated)
npm http fetch GET 200 https://registry.npmjs.org/util-deprecate 104ms (cache revalidated)
npm http fetch GET 200 https://registry.npmjs.org/lodash.union 713ms (cache revalidated)
npm http fetch GET 200 https://registry.npmjs.org/process-nextick-args 40ms (cache revalidated)
npm http fetch GET 200 https://registry.npmjs.org/core-util-is 64ms (cache revalidated)
npm http fetch GET 200 https://registry.npmjs.org/isarray 75ms (cache revalidated)
npm http fetch GET 200 https://registry.npmjs.org/safe-buffer 80ms (cache revalidated)
npm http fetch GET 200 https://registry.npmjs.org/rimraf 45ms (cache revalidated)
npm http fetch GET 200 https://registry.npmjs.org/event-stream 54ms (cache revalidated)
npm http fetch GET 200 https://registry.npmjs.org/color-convert 39ms (cache revalidated)
npm http fetch GET 200 https://registry.npmjs.org/has-flag 51ms (cache revalidated)
npm http fetch GET 200 https://registry.npmjs.org/color-name 48ms (cache revalidated)
npm http fetch GET 200 https://registry.npmjs.org/emoji-regex 42ms (cache revalidated)
npm http fetch GET 200 https://registry.npmjs.org/is-fullwidth-code-point 47ms (cache revalidated)
npm http fetch GET 200 https://registry.npmjs.org/strip-ansi 56ms (cache revalidated)
npm http fetch GET 200 https://registry.npmjs.org/lodash.once 51ms (cache revalidated)
npm http fetch GET 200 https://registry.npmjs.org/base64-js 53ms (cache revalidated)
npm http fetch GET 200 https://registry.npmjs.org/qs 66ms (cache revalidated)
npm http fetch GET 200 https://registry.npmjs.org/performance-now 70ms (cache revalidated)
npm http fetch GET 200 https://registry.npmjs.org/is-typedarray 73ms (cache revalidated)
npm http fetch GET 200 https://registry.npmjs.org/tough-cookie 72ms (cache revalidated)
npm http fetch GET 200 https://registry.npmjs.org/http-signature 79ms (cache revalidated)
npm http fetch GET 200 https://registry.npmjs.org/caseless 84ms (cache revalidated)
npm http fetch GET 200 https://registry.npmjs.org/tunnel-agent 78ms (cache revalidated)
npm http fetch GET 200 https://registry.npmjs.org/aws4 90ms (cache revalidated)
npm http fetch GET 200 https://registry.npmjs.org/forever-agent 91ms (cache revalidated)
npm http fetch GET 200 https://registry.npmjs.org/ieee754 82ms (cache revalidated)
npm http fetch GET 200 https://registry.npmjs.org/json-stringify-safe 93ms (cache revalidated)
npm http fetch GET 200 https://registry.npmjs.org/extend 115ms (cache revalidated)
npm http fetch GET 200 https://registry.npmjs.org/is-stream 61ms (cache revalidated)
npm http fetch GET 200 https://registry.npmjs.org/onetime 64ms (cache revalidated)
npm http fetch GET 200 https://registry.npmjs.org/restore-cursor 80ms (cache revalidated)
npm http fetch GET 200 https://registry.npmjs.org/npm-run-path 54ms (cache revalidated)
npm http fetch GET 200 https://registry.npmjs.org/strip-final-newline 56ms (cache revalidated)
npm http fetch GET 200 https://registry.npmjs.org/merge-stream 69ms (cache revalidated)
npm http fetch GET 200 https://registry.npmjs.org/get-stream 80ms (cache revalidated)
npm http fetch GET 200 https://registry.npmjs.org/get-stream 64ms (cache revalidated)
npm http fetch GET 200 https://registry.npmjs.org/@types%2fyauzl 64ms (cache revalidated)
npm http fetch GET 200 https://registry.npmjs.org/signal-exit 87ms (cache revalidated)
npm http fetch GET 200 https://registry.npmjs.org/@colors%2fcolors 108ms (cache revalidated)
npm http fetch GET 200 https://registry.npmjs.org/at-least-node 55ms (cache revalidated)
npm http fetch GET 200 https://registry.npmjs.org/human-signals 83ms (cache revalidated)
npm http fetch GET 200 https://registry.npmjs.org/is-path-inside 45ms (cache revalidated)
npm http fetch GET 200 https://registry.npmjs.org/global-dirs 50ms (cache revalidated)
npm http fetch GET 200 https://registry.npmjs.org/cross-spawn 108ms (cache revalidated)
npm http fetch GET 200 https://registry.npmjs.org/wrap-ansi 37ms (cache revalidated)
npm http fetch GET 200 https://registry.npmjs.org/through 46ms (cache revalidated)
npm http fetch GET 200 https://registry.npmjs.org/p-map 54ms (cache revalidated)
npm http fetch GET 200 https://registry.npmjs.org/rxjs 64ms (cache revalidated)
npm http fetch GET 200 https://registry.npmjs.org/is-unicode-supported 42ms (cache revalidated)
npm http fetch GET 200 https://registry.npmjs.org/fd-slicer 43ms (cache revalidated)
npm http fetch GET 200 https://registry.npmjs.org/colorette 71ms (cache revalidated)
npm http fetch GET 200 https://registry.npmjs.org/cli-truncate 60ms (cache revalidated)
npm http fetch GET 200 https://registry.npmjs.org/log-update 70ms (cache revalidated)
npm http fetch GET 200 https://registry.npmjs.org/rfdc 104ms (cache revalidated)
npm http fetch GET 200 https://registry.npmjs.org/throttleit 77ms (cache revalidated)
npm http fetch GET 200 https://registry.npmjs.org/aws-sign2 731ms (cache revalidated)
npm http fetch GET 200 https://registry.npmjs.org/delayed-stream 41ms (cache revalidated)
npm http fetch GET 200 https://registry.npmjs.org/mime-db 44ms (cache revalidated)
npm http fetch GET 200 https://registry.npmjs.org/sshpk 48ms (cache revalidated)
npm http fetch GET 200 https://registry.npmjs.org/side-channel 49ms (cache revalidated)
npm http fetch GET 200 https://registry.npmjs.org/jsprim 53ms (cache revalidated)
npm http fetch GET 200 https://registry.npmjs.org/tldts 64ms (cache revalidated)
npm http fetch GET 200 https://registry.npmjs.org/assert-plus 88ms (cache revalidated)
npm http fetch GET 200 https://registry.npmjs.org/dateformat 65ms (cache revalidated)
npm http fetch GET 200 https://registry.npmjs.org/opener 68ms (cache revalidated)
npm http fetch GET 200 https://registry.npmjs.org/lodash.isempty 78ms (cache revalidated)
npm http fetch GET 200 https://registry.npmjs.org/lodash.isstring 80ms (cache revalidated)
npm http fetch GET 200 https://registry.npmjs.org/prop-types 76ms (cache revalidated)
npm http fetch GET 200 https://registry.npmjs.org/lodash.isobject 88ms (cache revalidated)
npm http fetch GET 200 https://registry.npmjs.org/lodash.isfunction 99ms (cache revalidated)
npm http fetch GET 200 https://registry.npmjs.org/escape-html 103ms (cache revalidated)
npm http fetch GET 200 https://registry.npmjs.org/validator 110ms (cache updated)
npm http fetch GET 200 https://registry.npmjs.org/lodash.isfunction 126ms (cache revalidated)
npm http fetch GET 200 https://registry.npmjs.org/fsu 652ms (cache revalidated)
npm http fetch GET 200 https://registry.npmjs.org/tcomb 663ms (cache revalidated)
npm http fetch GET 200 https://registry.npmjs.org/tcomb-validation 691ms (cache revalidated)
npm http fetch GET 200 https://registry.npmjs.org/file-type 48ms (cache revalidated)
npm http fetch GET 200 https://registry.npmjs.org/is-natural-number 56ms (cache revalidated)
npm http fetch GET 200 https://registry.npmjs.org/file-type 63ms (cache revalidated)
npm http fetch GET 200 https://registry.npmjs.org/file-type 63ms (cache revalidated)
npm http fetch GET 200 https://registry.npmjs.org/unbzip2-stream 71ms (cache revalidated)
npm http fetch GET 200 https://registry.npmjs.org/file-type 76ms (cache revalidated)
npm http fetch GET 200 https://registry.npmjs.org/seek-bzip 80ms (cache revalidated)
npm http fetch GET 200 https://registry.npmjs.org/to-buffer 39ms (cache revalidated)
npm http fetch GET 200 https://registry.npmjs.org/xtend 48ms (cache revalidated)
npm http fetch GET 200 https://registry.npmjs.org/buffer-alloc 49ms (cache revalidated)
npm http fetch GET 200 https://registry.npmjs.org/object-assign 60ms (cache revalidated)
npm http fetch GET 200 https://registry.npmjs.org/pinkie-promise 61ms (cache revalidated)
npm http fetch GET 200 https://registry.npmjs.org/ansi-regex 45ms (cache revalidated)
npm http fetch GET 200 https://registry.npmjs.org/pump 41ms (cache revalidated)
npm http fetch GET 200 https://registry.npmjs.org/path-key 51ms (cache revalidated)
npm http fetch GET 200 https://registry.npmjs.org/path-key 52ms (cache revalidated)
npm http fetch GET 200 https://registry.npmjs.org/shebang-command 63ms (cache revalidated)
npm http fetch GET 200 https://registry.npmjs.org/which 69ms (cache revalidated)
npm http fetch GET 200 https://registry.npmjs.org/mimic-fn 72ms (cache revalidated)
npm http fetch GET 200 https://registry.npmjs.org/shebang-regex 38ms (cache revalidated)
npm http fetch GET 200 https://registry.npmjs.org/isexe 45ms (cache revalidated)
npm http fetch GET 200 https://registry.npmjs.org/@types%2fnode 18ms (cache hit)
npm http fetch GET 200 https://registry.npmjs.org/undici-types 48ms (cache revalidated)
npm http fetch GET 200 https://registry.npmjs.org/es-errors 35ms (cache revalidated)
npm http fetch GET 200 https://registry.npmjs.org/function-bind 49ms (cache revalidated)
npm http fetch GET 200 https://registry.npmjs.org/has-tostringtag 53ms (cache revalidated)
npm http fetch GET 200 https://registry.npmjs.org/get-intrinsic 55ms (cache revalidated)
npm http fetch GET 200 https://registry.npmjs.org/has-symbols 42ms (cache revalidated)
npm http fetch GET 200 https://registry.npmjs.org/gopd 50ms (cache revalidated)
npm http fetch GET 200 https://registry.npmjs.org/has-symbols 47ms (cache revalidated)
npm http fetch GET 200 https://registry.npmjs.org/es-define-property 52ms (cache revalidated)
npm http fetch GET 200 https://registry.npmjs.org/get-proto 57ms (cache revalidated)
npm http fetch GET 200 https://registry.npmjs.org/es-object-atoms 57ms (cache revalidated)
npm http fetch GET 200 https://registry.npmjs.org/call-bind-apply-helpers 63ms (cache revalidated)
npm http fetch GET 200 https://registry.npmjs.org/math-intrinsics 64ms (cache revalidated)
npm http fetch GET 200 https://registry.npmjs.org/dunder-proto 43ms (cache revalidated)
npm http fetch GET 200 https://registry.npmjs.org/pinkie 66ms (cache revalidated)
npm http fetch GET 200 https://registry.npmjs.org/brace-expansion 42ms (cache revalidated)
npm http fetch GET 200 https://registry.npmjs.org/wrappy 42ms (cache revalidated)
npm http fetch GET 200 https://registry.npmjs.org/wrappy 75ms (cache revalidated)
npm http fetch GET 200 https://registry.npmjs.org/extsprintf 45ms (cache revalidated)
npm http fetch GET 200 https://registry.npmjs.org/verror 49ms (cache revalidated)
npm http fetch GET 200 https://registry.npmjs.org/asn1 52ms (cache revalidated)
npm http fetch GET 200 https://registry.npmjs.org/ecc-jsbn 53ms (cache revalidated)
npm http fetch GET 200 https://registry.npmjs.org/dashdash 55ms (cache revalidated)
npm http fetch GET 200 https://registry.npmjs.org/getpass 56ms (cache revalidated)
npm http fetch GET 200 https://registry.npmjs.org/tweetnacl 58ms (cache revalidated)
npm http fetch GET 200 https://registry.npmjs.org/json-schema 63ms (cache revalidated)
npm http fetch GET 200 https://registry.npmjs.org/jsbn 65ms (cache revalidated)
npm http fetch GET 200 https://registry.npmjs.org/bcrypt-pbkdf 64ms (cache revalidated)
npm http fetch GET 200 https://registry.npmjs.org/safer-buffer 71ms (cache revalidated)
npm http fetch GET 200 https://registry.npmjs.org/ansi-escapes 41ms (cache revalidated)
npm http fetch GET 200 https://registry.npmjs.org/tslib 46ms (cache revalidated)
npm http fetch GET 200 https://registry.npmjs.org/aggregate-error 684ms (cache revalidated)
npm http fetch GET 200 https://registry.npmjs.org/astral-regex 51ms (cache revalidated)
npm http fetch GET 200 https://registry.npmjs.org/type-fest 39ms (cache revalidated)
npm http fetch GET 200 https://registry.npmjs.org/balanced-match 45ms (cache revalidated)
npm http fetch GET 200 https://registry.npmjs.org/concat-map 58ms (cache revalidated)
npm http fetch GET 200 https://registry.npmjs.org/anymatch 68ms (cache revalidated)
npm http fetch GET 200 https://registry.npmjs.org/braces 71ms (cache revalidated)
npm http fetch GET 200 https://registry.npmjs.org/is-plain-obj 59ms (cache revalidated)
npm http fetch GET 200 https://registry.npmjs.org/path-exists 70ms (cache revalidated)
npm http fetch GET 200 https://registry.npmjs.org/flat 63ms (cache revalidated)
npm http fetch GET 200 https://registry.npmjs.org/argparse 74ms (cache revalidated)
npm http fetch GET 200 https://registry.npmjs.org/fsevents 78ms (cache revalidated)
npm http fetch GET 200 https://registry.npmjs.org/locate-path 80ms (cache revalidated)
npm http fetch GET 200 https://registry.npmjs.org/escalade 78ms (cache revalidated)
npm http fetch GET 200 https://registry.npmjs.org/is-glob 91ms (cache revalidated)
npm http fetch GET 200 https://registry.npmjs.org/is-binary-path 88ms (cache revalidated)
npm http fetch GET 200 https://registry.npmjs.org/camelcase 79ms (cache revalidated)
npm http fetch GET 200 https://registry.npmjs.org/glob-parent 90ms (cache revalidated)
npm http fetch GET 200 https://registry.npmjs.org/readdirp 102ms (cache revalidated)
npm http fetch GET 200 https://registry.npmjs.org/randombytes 98ms (cache revalidated)
npm http fetch GET 200 https://registry.npmjs.org/is-extglob 45ms (cache revalidated)
npm http fetch GET 200 https://registry.npmjs.org/picomatch 52ms (cache revalidated)
npm http fetch GET 200 https://registry.npmjs.org/fill-range 53ms (cache revalidated)
npm http fetch GET 200 https://registry.npmjs.org/picomatch 53ms (cache revalidated)
npm http fetch GET 200 https://registry.npmjs.org/binary-extensions 58ms (cache revalidated)
npm http fetch GET 200 https://registry.npmjs.org/to-regex-range 52ms (cache revalidated)
npm http fetch GET 200 https://registry.npmjs.org/is-number 36ms (cache revalidated)
npm http fetch GET 200 https://registry.npmjs.org/p-locate 52ms (cache revalidated)
npm http fetch GET 200 https://registry.npmjs.org/p-limit 50ms (cache revalidated)
npm http fetch GET 200 https://registry.npmjs.org/loose-envify 62ms (cache revalidated)
npm http fetch GET 200 https://registry.npmjs.org/react-is 195ms (cache updated)
npm http fetch GET 200 https://registry.npmjs.org/easy-stack 49ms (cache revalidated)
npm http fetch GET 200 https://registry.npmjs.org/yocto-queue 54ms (cache revalidated)
npm http fetch GET 200 https://registry.npmjs.org/clean-stack 43ms (cache revalidated)
npm http fetch GET 200 https://registry.npmjs.org/indent-string 56ms (cache revalidated)
npm http fetch GET 200 https://registry.npmjs.org/js-tokens 52ms (cache revalidated)
npm http fetch GET 200 https://registry.npmjs.org/stream-combiner 49ms (cache revalidated)
npm http fetch GET 200 https://registry.npmjs.org/duplexer 55ms (cache revalidated)
npm http fetch GET 200 https://registry.npmjs.org/from 81ms (cache revalidated)
npm http fetch GET 200 https://registry.npmjs.org/map-stream 102ms (cache revalidated)
npm http fetch GET 200 https://registry.npmjs.org/split 674ms (cache revalidated)
npm http fetch GET 200 https://registry.npmjs.org/pause-stream 712ms (cache revalidated)
npm http fetch GET 200 https://registry.npmjs.org/side-channel-map 45ms (cache revalidated)
npm http fetch GET 200 https://registry.npmjs.org/side-channel-weakmap 49ms (cache revalidated)
npm http fetch GET 200 https://registry.npmjs.org/side-channel-list 53ms (cache revalidated)
npm http fetch GET 200 https://registry.npmjs.org/object-inspect 88ms (cache revalidated)
npm http fetch GET 200 https://registry.npmjs.org/call-bound 47ms (cache revalidated)
npm http fetch GET 200 https://registry.npmjs.org/call-bound 55ms (cache revalidated)
npm http fetch GET 200 https://registry.npmjs.org/fast-deep-equal 45ms (cache revalidated)
npm http fetch GET 200 https://registry.npmjs.org/uri-js 49ms (cache revalidated)
npm http fetch GET 200 https://registry.npmjs.org/json-schema-traverse 49ms (cache revalidated)
npm http fetch GET 200 https://registry.npmjs.org/fast-json-stable-stringify 49ms (cache revalidated)
npm http fetch GET 200 https://registry.npmjs.org/punycode 52ms (cache revalidated)
npm http fetch GET 200 https://registry.npmjs.org/tldts-core 70ms (cache revalidated)
npm http fetch GET 200 https://registry.npmjs.org/slash 49ms (cache revalidated)
npm http fetch GET 200 https://registry.npmjs.org/array-union 50ms (cache revalidated)
npm http fetch GET 200 https://registry.npmjs.org/dir-glob 53ms (cache revalidated)
npm http fetch GET 200 https://registry.npmjs.org/merge2 56ms (cache revalidated)
npm http fetch GET 200 https://registry.npmjs.org/ignore 67ms (cache revalidated)
npm http fetch GET 200 https://registry.npmjs.org/queue-lit 68ms (cache revalidated)
npm http fetch GET 200 https://registry.npmjs.org/fast-glob 71ms (cache revalidated)
npm http fetch GET 200 https://registry.npmjs.org/resolve-pkg-maps 79ms (cache revalidated)
npm http fetch GET 200 https://registry.npmjs.org/micromatch 45ms (cache revalidated)
npm http fetch GET 200 https://registry.npmjs.org/path-type 54ms (cache revalidated)
npm http fetch GET 200 https://registry.npmjs.org/@nodelib%2ffs.walk 81ms (cache revalidated)
npm http fetch GET 200 https://registry.npmjs.org/@nodelib%2ffs.stat 82ms (cache revalidated)
npm http fetch GET 200 https://registry.npmjs.org/fastq 41ms (cache revalidated)
npm http fetch GET 200 https://registry.npmjs.org/@nodelib%2ffs.scandir 59ms (cache revalidated)
npm http fetch GET 200 https://registry.npmjs.org/run-parallel 49ms (cache revalidated)
npm http fetch GET 200 https://registry.npmjs.org/reusify 101ms (cache revalidated)
npm http fetch GET 200 https://registry.npmjs.org/queue-microtask 40ms (cache revalidated)
npm http fetch GET 200 https://registry.npmjs.org/unique-string 52ms (cache revalidated)
npm http fetch GET 200 https://registry.npmjs.org/write-file-atomic 51ms (cache revalidated)
npm http fetch GET 200 https://registry.npmjs.org/escape-goat 53ms (cache revalidated)
npm http fetch GET 200 https://registry.npmjs.org/widest-line 60ms (cache revalidated)
npm http fetch GET 200 https://registry.npmjs.org/cli-boxes 61ms (cache revalidated)
npm http fetch GET 200 https://registry.npmjs.org/ansi-align 63ms (cache revalidated)
npm http fetch GET 200 https://registry.npmjs.org/dot-prop 63ms (cache revalidated)
npm http fetch GET 200 https://registry.npmjs.org/package-json 64ms (cache revalidated)
npm http fetch GET 200 https://registry.npmjs.org/eastasianwidth 52ms (cache revalidated)
npm http fetch GET 200 https://registry.npmjs.org/is-obj 35ms (cache revalidated)
npm http fetch GET 200 https://registry.npmjs.org/crypto-random-string 38ms (cache revalidated)
npm http fetch GET 200 https://registry.npmjs.org/imurmurhash 43ms (cache revalidated)
npm http fetch GET 200 https://registry.npmjs.org/typedarray-to-buffer 45ms (cache revalidated)
npm http fetch GET 200 https://registry.npmjs.org/got 46ms (cache revalidated)
npm http fetch GET 200 https://registry.npmjs.org/registry-url 53ms (cache revalidated)
npm http fetch GET 200 https://registry.npmjs.org/registry-auth-token 55ms (cache revalidated)
npm http fetch GET 200 https://registry.npmjs.org/http2-wrapper 46ms (cache revalidated)
npm http fetch GET 200 https://registry.npmjs.org/p-cancelable 53ms (cache revalidated)
npm http fetch GET 200 https://registry.npmjs.org/responselike 56ms (cache revalidated)
npm http fetch GET 200 https://registry.npmjs.org/decompress-response 54ms (cache revalidated)
npm http fetch GET 200 https://registry.npmjs.org/cacheable-request 66ms (cache revalidated)
npm http fetch GET 200 https://registry.npmjs.org/cacheable-lookup 70ms (cache revalidated)
npm http fetch GET 200 https://registry.npmjs.org/rc 70ms (cache revalidated)
npm http fetch GET 200 https://registry.npmjs.org/form-data-encoder 78ms (cache revalidated)
npm http fetch GET 200 https://registry.npmjs.org/@szmarczak%2fhttp-timer 80ms (cache revalidated)
npm http fetch GET 200 https://registry.npmjs.org/@sindresorhus%2fis 91ms (cache revalidated)
npm http fetch GET 200 https://registry.npmjs.org/lowercase-keys 96ms (cache revalidated)
npm http fetch GET 200 https://registry.npmjs.org/@pnpm%2fnpm-conf 97ms (cache revalidated)
npm http fetch GET 200 https://registry.npmjs.org/normalize-url 67ms (cache revalidated)
npm http fetch GET 200 https://registry.npmjs.org/quick-lru 72ms (cache revalidated)
npm http fetch GET 200 https://registry.npmjs.org/resolve-alpn 73ms (cache revalidated)
npm http fetch GET 200 https://registry.npmjs.org/defer-to-connect 79ms (cache revalidated)
npm http fetch GET 200 https://registry.npmjs.org/mimic-response 77ms (cache revalidated)
npm http fetch GET 200 https://registry.npmjs.org/@types%2fhttp-cache-semantics 79ms (cache revalidated)
npm http fetch GET 200 https://registry.npmjs.org/mimic-response 83ms (cache revalidated)
npm http fetch GET 200 https://registry.npmjs.org/keyv 127ms (cache revalidated)
npm http fetch GET 200 https://registry.npmjs.org/http-cache-semantics 305ms (cache revalidated)
npm http fetch GET 200 https://registry.npmjs.org/json-buffer 42ms (cache revalidated)
npm http fetch GET 200 https://registry.npmjs.org/config-chain 61ms (cache revalidated)
npm http fetch GET 200 https://registry.npmjs.org/@pnpm%2fconfig.env-replace 65ms (cache revalidated)
npm http fetch GET 200 https://registry.npmjs.org/@pnpm%2fnetwork.ca-file 129ms (cache revalidated)
npm http fetch GET 200 https://registry.npmjs.org/proto-list 50ms (cache revalidated)
npm http fetch GET 200 https://registry.npmjs.org/deep-extend 56ms (cache revalidated)
npm http fetch GET 200 https://registry.npmjs.org/pend 49ms (cache revalidated)
npm http fetch GET 200 https://registry.npmjs.org/crc32-stream 54ms (cache revalidated)
npm http fetch GET 200 https://registry.npmjs.org/crc-32 47ms (cache revalidated)
npm http fetch GET 200 https://registry.npmjs.org/typed-array-buffer 48ms (cache revalidated)
npm http fetch GET 200 https://registry.npmjs.org/buffer-fill 63ms (cache revalidated)
npm http fetch GET 200 https://registry.npmjs.org/buffer-alloc-unsafe 685ms (cache revalidated)
npm http fetch GET 200 https://registry.npmjs.org/is-typed-array 43ms (cache revalidated)
npm http fetch GET 200 https://registry.npmjs.org/which-typed-array 52ms (cache revalidated)
npm http fetch GET 200 https://registry.npmjs.org/call-bind 45ms (cache revalidated)
npm http fetch GET 200 https://registry.npmjs.org/available-typed-arrays 55ms (cache revalidated)
npm http fetch GET 200 https://registry.npmjs.org/for-each 65ms (cache revalidated)
npm http fetch GET 200 https://registry.npmjs.org/possible-typed-array-names 52ms (cache revalidated)
npm http fetch GET 200 https://registry.npmjs.org/set-function-length 59ms (cache revalidated)
npm http fetch GET 200 https://registry.npmjs.org/is-callable 85ms (cache revalidated)
npm http fetch GET 200 https://registry.npmjs.org/has-property-descriptors 47ms (cache revalidated)
npm http fetch GET 200 https://registry.npmjs.org/define-data-property 66ms (cache revalidated)
npm http fetch GET 200 https://registry.npmjs.org/p-try 66ms (cache revalidated)
npm verbose reify failed optional dependency C:\Users\Ana\Documents\PGATS-WEB\tmpBstackPackages\node_modules\fsevents
npm http fetch POST 200 https://registry.npmjs.org/-/npm/v1/security/advisories/bulk 789ms
npm warn deprecated inflight@1.0.6: This module is not supported, and leaks memory. Do not use it. Check out lru-cache if you want a good and tested way to coalesce async requests by a key value, which is much more comprehensive and powerful.
npm warn deprecated rimraf@2.5.4: Rimraf versions prior to v4 are no longer supported
npm warn deprecated glob@7.2.3: Glob versions prior to v9 are no longer supported
npm warn deprecated glob@8.1.0: Glob versions prior to v9 are no longer supported
npm http fetch GET 200 https://registry.npmjs.org/validator/-/validator-13.15.20.tgz 3253ms (cache miss)
npm info run cypress@13.17.0 postinstall node_modules/cypress node index.js --exec install
npm info run cypress@13.17.0 postinstall { code: 0, signal: null }

added 545 packages, and audited 546 packages in 23s

113 packages are looking for funding
  run `npm fund` for details

found 0 vulnerabilities
npm verbose cwd C:\Users\Ana\Documents\PGATS-WEB\tmpBstackPackages
npm verbose os Windows_NT 10.0.26100
npm verbose node v20.18.2
npm verbose npm  v10.8.2
npm verbose exit 0
npm info ok
